
Attaching package: ‘fasterize’

The following object is masked from ‘package:graphics’:

    plot

The following object is masked from ‘package:base’:

    plot

── [1mAttaching packages[22m ───────────────────────────────────────────────────────────────────── tidyverse 1.3.0 ──
[32m✓[39m [34mggplot2[39m 3.3.2     [32m✓[39m [34mpurrr  [39m 0.3.4
[32m✓[39m [34mtibble [39m 3.0.3     [32m✓[39m [34mdplyr  [39m 1.0.2
[32m✓[39m [34mtidyr  [39m 1.1.2     [32m✓[39m [34mstringr[39m 1.4.0
[32m✓[39m [34mreadr  [39m 1.3.1     [32m✓[39m [34mforcats[39m 0.5.0
── [1mConflicts[22m ──────────────────────────────────────────────────────────────────────── tidyverse_conflicts() ──
[31mx[39m [34mtidyr[39m::[32mextract()[39m masks [34mraster[39m::extract()
[31mx[39m [34mdplyr[39m::[32mfilter()[39m  masks [34mstats[39m::filter()
[31mx[39m [34mdplyr[39m::[32mlag()[39m     masks [34mstats[39m::lag()
[31mx[39m [34mdplyr[39m::[32mselect()[39m  masks [34mraster[39m::select()
Linking to GEOS 3.5.1, GDAL 2.2.2, PROJ 4.9.2

Attaching package: ‘glue’

The following object is masked from ‘package:dplyr’:

    collapse

The following object is masked from ‘package:raster’:

    trim

Skipping install of 'FedData' from a github remote, the SHA1 (b66c1de9) has not changed since last install.
  Use `force = TRUE` to force installation
To install your API key for use in future sessions, run this function with `install = TRUE`.
[1] "24"  "015"
Getting data from the 2012-2016 5-year ACS
Downloading feature geometry from the Census website.  To cache shapefiles for use in future sessions, set `options(tigris_use_cache = TRUE)`.

  |                                                                            
  |                                                                      |   0%
  |                                                                            
  |=                                                                     |   1%
  |                                                                            
  |==                                                                    |   2%
  |                                                                            
  |==                                                                    |   3%
  |                                                                            
  |===                                                                   |   4%
  |                                                                            
  |===                                                                   |   5%
  |                                                                            
  |====                                                                  |   6%
  |                                                                            
  |=====                                                                 |   7%
  |                                                                            
  |======                                                                |   8%
  |                                                                            
  |=======                                                               |   9%
  |                                                                            
  |=======                                                               |  10%
  |                                                                            
  |========                                                              |  11%
  |                                                                            
  |=========                                                             |  12%
  |                                                                            
  |=========                                                             |  13%
  |                                                                            
  |==========                                                            |  14%
  |                                                                            
  |==========                                                            |  15%
  |                                                                            
  |===========                                                           |  16%
  |                                                                            
  |============                                                          |  17%
  |                                                                            
  |=============                                                         |  18%
  |                                                                            
  |=============                                                         |  19%
  |                                                                            
  |==============                                                        |  20%
  |                                                                            
  |===============                                                       |  21%
  |                                                                            
  |================                                                      |  22%
  |                                                                            
  |================                                                      |  23%
  |                                                                            
  |=================                                                     |  24%
  |                                                                            
  |=================                                                     |  25%
  |                                                                            
  |==================                                                    |  26%
  |                                                                            
  |===================                                                   |  27%
  |                                                                            
  |====================                                                  |  28%
  |                                                                            
  |====================                                                  |  29%
  |                                                                            
  |=====================                                                 |  30%
  |                                                                            
  |======================                                                |  31%
  |                                                                            
  |=======================                                               |  32%
  |                                                                            
  |=======================                                               |  33%
  |                                                                            
  |========================                                              |  34%
  |                                                                            
  |========================                                              |  35%
  |                                                                            
  |=========================                                             |  36%
  |                                                                            
  |==========================                                            |  37%
  |                                                                            
  |===========================                                           |  38%
  |                                                                            
  |===========================                                           |  39%
  |                                                                            
  |============================                                          |  40%
  |                                                                            
  |=============================                                         |  41%
  |                                                                            
  |==============================                                        |  42%
  |                                                                            
  |==============================                                        |  43%
  |                                                                            
  |===============================                                       |  44%
  |                                                                            
  |===============================                                       |  45%
  |                                                                            
  |================================                                      |  46%
  |                                                                            
  |=================================                                     |  47%
  |                                                                            
  |==================================                                    |  48%
  |                                                                            
  |==================================                                    |  49%
  |                                                                            
  |===================================                                   |  50%
  |                                                                            
  |====================================                                  |  51%
  |                                                                            
  |=====================================                                 |  52%
  |                                                                            
  |=====================================                                 |  53%
  |                                                                            
  |======================================                                |  54%
  |                                                                            
  |======================================                                |  55%
  |                                                                            
  |=======================================                               |  56%
  |                                                                            
  |========================================                              |  57%
  |                                                                            
  |=========================================                             |  58%
  |                                                                            
  |=========================================                             |  59%
  |                                                                            
  |==========================================                            |  60%
  |                                                                            
  |===========================================                           |  61%
  |                                                                            
  |============================================                          |  62%
  |                                                                            
  |============================================                          |  63%
  |                                                                            
  |=============================================                         |  64%
  |                                                                            
  |=============================================                         |  65%
  |                                                                            
  |==============================================                        |  66%
  |                                                                            
  |===============================================                       |  67%
  |                                                                            
  |================================================                      |  68%
  |                                                                            
  |================================================                      |  69%
  |                                                                            
  |=================================================                     |  70%
  |                                                                            
  |==================================================                    |  71%
  |                                                                            
  |===================================================                   |  72%
  |                                                                            
  |===================================================                   |  73%
  |                                                                            
  |====================================================                  |  74%
  |                                                                            
  |====================================================                  |  75%
  |                                                                            
  |=====================================================                 |  76%
  |                                                                            
  |======================================================                |  77%
  |                                                                            
  |=======================================================               |  78%
  |                                                                            
  |=======================================================               |  79%
  |                                                                            
  |========================================================              |  80%
  |                                                                            
  |=========================================================             |  81%
  |                                                                            
  |==========================================================            |  82%
  |                                                                            
  |==========================================================            |  83%
  |                                                                            
  |===========================================================           |  84%
  |                                                                            
  |===========================================================           |  85%
  |                                                                            
  |============================================================          |  86%
  |                                                                            
  |=============================================================         |  87%
  |                                                                            
  |=============================================================         |  88%
  |                                                                            
  |==============================================================        |  89%
  |                                                                            
  |===============================================================       |  90%
  |                                                                            
  |================================================================      |  91%
  |                                                                            
  |=================================================================     |  92%
  |                                                                            
  |=================================================================     |  93%
  |                                                                            
  |==================================================================    |  94%
  |                                                                            
  |==================================================================    |  95%
  |                                                                            
  |===================================================================   |  96%
  |                                                                            
  |====================================================================  |  97%
  |                                                                            
  |====================================================================  |  98%
  |                                                                            
  |===================================================================== |  99%
  |                                                                            
  |======================================================================| 100%
Getting data from the 2010 decennial Census
Downloading feature geometry from the Census website.  To cache shapefiles for use in future sessions, set `options(tigris_use_cache = TRUE)`.

  |                                                                            
  |                                                                      |   0%
  |                                                                            
  |=                                                                     |   1%
  |                                                                            
  |=                                                                     |   2%
  |                                                                            
  |==                                                                    |   3%
  |                                                                            
  |===                                                                   |   4%
  |                                                                            
  |===                                                                   |   5%
  |                                                                            
  |====                                                                  |   5%
  |                                                                            
  |====                                                                  |   6%
  |                                                                            
  |=====                                                                 |   7%
  |                                                                            
  |======                                                                |   8%
  |                                                                            
  |======                                                                |   9%
  |                                                                            
  |=======                                                               |   9%
  |                                                                            
  |=======                                                               |  10%
  |                                                                            
  |=======                                                               |  11%
  |                                                                            
  |========                                                              |  11%
  |                                                                            
  |========                                                              |  12%
  |                                                                            
  |=========                                                             |  12%
  |                                                                            
  |=========                                                             |  13%
  |                                                                            
  |==========                                                            |  14%
  |                                                                            
  |==========                                                            |  15%
  |                                                                            
  |===========                                                           |  15%
  |                                                                            
  |===========                                                           |  16%
  |                                                                            
  |============                                                          |  17%
  |                                                                            
  |============                                                          |  18%
  |                                                                            
  |=============                                                         |  18%
  |                                                                            
  |=============                                                         |  19%
  |                                                                            
  |==============                                                        |  19%
  |                                                                            
  |==============                                                        |  20%
  |                                                                            
  |===============                                                       |  21%
  |                                                                            
  |===============                                                       |  22%
  |                                                                            
  |================                                                      |  22%
  |                                                                            
  |================                                                      |  23%
  |                                                                            
  |=================                                                     |  24%
  |                                                                            
  |=================                                                     |  25%
  |                                                                            
  |==================                                                    |  25%
  |                                                                            
  |==================                                                    |  26%
  |                                                                            
  |===================                                                   |  27%
  |                                                                            
  |===================                                                   |  28%
  |                                                                            
  |====================                                                  |  28%
  |                                                                            
  |====================                                                  |  29%
  |                                                                            
  |=====================                                                 |  29%
  |                                                                            
  |=====================                                                 |  30%
  |                                                                            
  |======================                                                |  31%
  |                                                                            
  |======================                                                |  32%
  |                                                                            
  |=======================                                               |  32%
  |                                                                            
  |=======================                                               |  33%
  |                                                                            
  |=======================                                               |  34%
  |                                                                            
  |========================                                              |  34%
  |                                                                            
  |========================                                              |  35%
  |                                                                            
  |=========================                                             |  35%
  |                                                                            
  |=========================                                             |  36%
  |                                                                            
  |==========================                                            |  37%
  |                                                                            
  |==========================                                            |  38%
  |                                                                            
  |===========================                                           |  38%
  |                                                                            
  |===========================                                           |  39%
  |                                                                            
  |============================                                          |  40%
  |                                                                            
  |============================                                          |  41%
  |                                                                            
  |=============================                                         |  41%
  |                                                                            
  |=============================                                         |  42%
  |                                                                            
  |==============================                                        |  42%
  |                                                                            
  |==============================                                        |  43%
  |                                                                            
  |===============================                                       |  44%
  |                                                                            
  |===============================                                       |  45%
  |                                                                            
  |================================                                      |  45%
  |                                                                            
  |================================                                      |  46%
  |                                                                            
  |=================================                                     |  47%
  |                                                                            
  |=================================                                     |  48%
  |                                                                            
  |==================================                                    |  48%
  |                                                                            
  |==================================                                    |  49%
  |                                                                            
  |===================================                                   |  49%
  |                                                                            
  |===================================                                   |  50%
  |                                                                            
  |===================================                                   |  51%
  |                                                                            
  |====================================                                  |  51%
  |                                                                            
  |====================================                                  |  52%
  |                                                                            
  |=====================================                                 |  53%
  |                                                                            
  |======================================                                |  54%
  |                                                                            
  |======================================                                |  55%
  |                                                                            
  |=======================================                               |  55%
  |                                                                            
  |=======================================                               |  56%
  |                                                                            
  |========================================                              |  57%
  |                                                                            
  |=========================================                             |  58%
  |                                                                            
  |=========================================                             |  59%
  |                                                                            
  |==========================================                            |  59%
  |                                                                            
  |==========================================                            |  60%
  |                                                                            
  |===========================================                           |  61%
  |                                                                            
  |===========================================                           |  62%
  |                                                                            
  |============================================                          |  62%
  |                                                                            
  |============================================                          |  63%
  |                                                                            
  |============================================                          |  64%
  |                                                                            
  |=============================================                         |  64%
  |                                                                            
  |=============================================                         |  65%
  |                                                                            
  |==============================================                        |  65%
  |                                                                            
  |==============================================                        |  66%
  |                                                                            
  |===============================================                       |  67%
  |                                                                            
  |===============================================                       |  68%
  |                                                                            
  |================================================                      |  68%
  |                                                                            
  |================================================                      |  69%
  |                                                                            
  |=================================================                     |  70%
  |                                                                            
  |==================================================                    |  71%
  |                                                                            
  |==================================================                    |  72%
  |                                                                            
  |===================================================                   |  72%
  |                                                                            
  |===================================================                   |  73%
  |                                                                            
  |====================================================                  |  74%
  |                                                                            
  |=====================================================                 |  75%
  |                                                                            
  |=====================================================                 |  76%
  |                                                                            
  |======================================================                |  77%
  |                                                                            
  |======================================================                |  78%
  |                                                                            
  |=======================================================               |  78%
  |                                                                            
  |=======================================================               |  79%
  |                                                                            
  |========================================================              |  79%
  |                                                                            
  |========================================================              |  80%
  |                                                                            
  |========================================================              |  81%
  |                                                                            
  |=========================================================             |  81%
  |                                                                            
  |=========================================================             |  82%
  |                                                                            
  |==========================================================            |  82%
  |                                                                            
  |==========================================================            |  83%
  |                                                                            
  |===========================================================           |  84%
  |                                                                            
  |===========================================================           |  85%
  |                                                                            
  |============================================================          |  85%
  |                                                                            
  |============================================================          |  86%
  |                                                                            
  |=============================================================         |  86%
  |                                                                            
  |=============================================================         |  87%
  |                                                                            
  |==============================================================        |  88%
  |                                                                            
  |==============================================================        |  89%
  |                                                                            
  |===============================================================       |  90%
  |                                                                            
  |===============================================================       |  91%
  |                                                                            
  |================================================================      |  91%
  |                                                                            
  |================================================================      |  92%
  |                                                                            
  |=================================================================     |  93%
  |                                                                            
  |==================================================================    |  94%
  |                                                                            
  |==================================================================    |  95%
  |                                                                            
  |===================================================================   |  95%
  |                                                                            
  |===================================================================   |  96%
  |                                                                            
  |====================================================================  |  97%
  |                                                                            
  |====================================================================  |  98%
  |                                                                            
  |===================================================================== |  98%
  |                                                                            
  |===================================================================== |  99%
  |                                                                            
  |======================================================================|  99%
  |                                                                            
  |======================================================================| 100%
Error in x$.self$finalize() : attempt to apply non-function
Error in x$.self$finalize() : attempt to apply non-function
Error in x$.self$finalize() : attempt to apply non-function
Error in x$.self$finalize() : attempt to apply non-function
Error in x$.self$finalize() : attempt to apply non-function
Error in x$.self$finalize() : attempt to apply non-function
Error in x$.self$finalize() : attempt to apply non-function
Error in x$.self$finalize() : attempt to apply non-function
Error in x$.self$finalize() : attempt to apply non-function
Error in x$.self$finalize() : attempt to apply non-function
Error in x$.self$finalize() : attempt to apply non-function
Error in x$.self$finalize() : attempt to apply non-function
Error in x$.self$finalize() : attempt to apply non-function
Error in x$.self$finalize() : attempt to apply non-function
Error in x$.self$finalize() : attempt to apply non-function
Error in x$.self$finalize() : attempt to apply non-function
Error in x$.self$finalize() : attempt to apply non-function
Error in x$.self$finalize() : attempt to apply non-function
Error in x$.self$finalize() : attempt to apply non-function
Error in x$.self$finalize() : attempt to apply non-function
Error in x$.self$finalize() : attempt to apply non-function
Error in x$.self$finalize() : attempt to apply non-function
Error in x$.self$finalize() : attempt to apply non-function
Error in x$.self$finalize() : attempt to apply non-function
Error in x$.self$finalize() : attempt to apply non-function
Error in x$.self$finalize() : attempt to apply non-function
Error in x$.self$finalize() : attempt to apply non-function
Error in x$.self$finalize() : attempt to apply non-function
Error in x$.self$finalize() : attempt to apply non-function
Error in x$.self$finalize() : attempt to apply non-function
Error in x$.self$finalize() : attempt to apply non-function
Error in x$.self$finalize() : attempt to apply non-function
Error in x$.self$finalize() : attempt to apply non-function
Error in x$.self$finalize() : attempt to apply non-function
Error in x$.self$finalize() : attempt to apply non-function
Error in x$.self$finalize() : attempt to apply non-function
Error in x$.self$finalize() : attempt to apply non-function
Error in x$.self$finalize() : attempt to apply non-function
Error in x$.self$finalize() : attempt to apply non-function
Error in x$.self$finalize() : attempt to apply non-function
Error in x$.self$finalize() : attempt to apply non-function
Error in x$.self$finalize() : attempt to apply non-function
Error in x$.self$finalize() : attempt to apply non-function
Error in x$.self$finalize() : attempt to apply non-function
Error in x$.self$finalize() : attempt to apply non-function
Error in x$.self$finalize() : attempt to apply non-function
Error in x$.self$finalize() : attempt to apply non-function
Error in x$.self$finalize() : attempt to apply non-function
Error in x$.self$finalize() : attempt to apply non-function
Error in x$.self$finalize() : attempt to apply non-function
Error in x$.self$finalize() : attempt to apply non-function
Error in x$.self$finalize() : attempt to apply non-function
Error in x$.self$finalize() : attempt to apply non-function
Error in x$.self$finalize() : attempt to apply non-function
Error in x$.self$finalize() : attempt to apply non-function
Error in x$.self$finalize() : attempt to apply non-function
Error in x$.self$finalize() : attempt to apply non-function
Error in x$.self$finalize() : attempt to apply non-function
Error in x$.self$finalize() : attempt to apply non-function
Error in x$.self$finalize() : attempt to apply non-function
Error in x$.self$finalize() : attempt to apply non-function
Error in x$.self$finalize() : attempt to apply non-function
Error in x$.self$finalize() : attempt to apply non-function
Error in x$.self$finalize() : attempt to apply non-function
Error in x$.self$finalize() : attempt to apply non-function
Error in x$.self$finalize() : attempt to apply non-function
Error in x$.self$finalize() : attempt to apply non-function
Error in x$.self$finalize() : attempt to apply non-function
Error in x$.self$finalize() : attempt to apply non-function
Error in x$.self$finalize() : attempt to apply non-function
Error in x$.self$finalize() : attempt to apply non-function
Error in x$.self$finalize() : attempt to apply non-function
Error in x$.self$finalize() : attempt to apply non-function
Error in x$.self$finalize() : attempt to apply non-function
Error in x$.self$finalize() : attempt to apply non-function
Error in x$.self$finalize() : attempt to apply non-function
Error in x$.self$finalize() : attempt to apply non-function
Error in x$.self$finalize() : attempt to apply non-function
Error in x$.self$finalize() : attempt to apply non-function
Error in x$.self$finalize() : attempt to apply non-function
Error in x$.self$finalize() : attempt to apply non-function
Error in x$.self$finalize() : attempt to apply non-function
Error in x$.self$finalize() : attempt to apply non-function
Error in x$.self$finalize() : attempt to apply non-function
Error in x$.self$finalize() : attempt to apply non-function
Error in x$.self$finalize() : attempt to apply non-function
Error in x$.self$finalize() : attempt to apply non-function
Error in x$.self$finalize() : attempt to apply non-function
Error in x$.self$finalize() : attempt to apply non-function
Error in x$.self$finalize() : attempt to apply non-function
Error in x$.self$finalize() : attempt to apply non-function
Error in x$.self$finalize() : attempt to apply non-function
Error in x$.self$finalize() : attempt to apply non-function
Error in x$.self$finalize() : attempt to apply non-function
Error in x$.self$finalize() : attempt to apply non-function
Error in x$.self$finalize() : attempt to apply non-function
Error in x$.self$finalize() : attempt to apply non-function
Error in x$.self$finalize() : attempt to apply non-function
Error in x$.self$finalize() : attempt to apply non-function
Error in x$.self$finalize() : attempt to apply non-function
Error in x$.self$finalize() : attempt to apply non-function
Error in x$.self$finalize() : attempt to apply non-function
Error in x$.self$finalize() : attempt to apply non-function
Error in x$.self$finalize() : attempt to apply non-function
Error in x$.self$finalize() : attempt to apply non-function
Error in x$.self$finalize() : attempt to apply non-function
Error in x$.self$finalize() : attempt to apply non-function
Error in x$.self$finalize() : attempt to apply non-function
Error in x$.self$finalize() : attempt to apply non-function
Error in x$.self$finalize() : attempt to apply non-function
Error in x$.self$finalize() : attempt to apply non-function
Error in x$.self$finalize() : attempt to apply non-function
Error in x$.self$finalize() : attempt to apply non-function
Error in x$.self$finalize() : attempt to apply non-function
Error in x$.self$finalize() : attempt to apply non-function
saved raster with stid 24 and ctyid 015. Onto the next one!
Skipping install of 'FedData' from a github remote, the SHA1 (b66c1de9) has not changed since last install.
  Use `force = TRUE` to force installation
To install your API key for use in future sessions, run this function with `install = TRUE`.
[1] "24"  "017"
Getting data from the 2012-2016 5-year ACS
Downloading feature geometry from the Census website.  To cache shapefiles for use in future sessions, set `options(tigris_use_cache = TRUE)`.
Getting data from the 2010 decennial Census
Downloading feature geometry from the Census website.  To cache shapefiles for use in future sessions, set `options(tigris_use_cache = TRUE)`.

  |                                                                            
  |                                                                      |   0%
  |                                                                            
  |                                                                      |   1%
  |                                                                            
  |=                                                                     |   1%
  |                                                                            
  |=                                                                     |   2%
  |                                                                            
  |==                                                                    |   2%
  |                                                                            
  |==                                                                    |   3%
  |                                                                            
  |===                                                                   |   4%
  |                                                                            
  |===                                                                   |   5%
  |                                                                            
  |====                                                                  |   5%
  |                                                                            
  |====                                                                  |   6%
  |                                                                            
  |=====                                                                 |   7%
  |                                                                            
  |=====                                                                 |   8%
  |                                                                            
  |======                                                                |   8%
  |                                                                            
  |======                                                                |   9%
  |                                                                            
  |=======                                                               |   9%
  |                                                                            
  |=======                                                               |  10%
  |                                                                            
  |=======                                                               |  11%
  |                                                                            
  |========                                                              |  11%
  |                                                                            
  |========                                                              |  12%
  |                                                                            
  |=========                                                             |  12%
  |                                                                            
  |=========                                                             |  13%
  |                                                                            
  |==========                                                            |  14%
  |                                                                            
  |==========                                                            |  15%
  |                                                                            
  |===========                                                           |  15%
  |                                                                            
  |===========                                                           |  16%
  |                                                                            
  |============                                                          |  17%
  |                                                                            
  |============                                                          |  18%
  |                                                                            
  |=============                                                         |  18%
  |                                                                            
  |=============                                                         |  19%
  |                                                                            
  |==============                                                        |  19%
  |                                                                            
  |==============                                                        |  20%
  |                                                                            
  |==============                                                        |  21%
  |                                                                            
  |===============                                                       |  21%
  |                                                                            
  |===============                                                       |  22%
  |                                                                            
  |================                                                      |  22%
  |                                                                            
  |================                                                      |  23%
  |                                                                            
  |=================                                                     |  24%
  |                                                                            
  |=================                                                     |  25%
  |                                                                            
  |==================                                                    |  25%
  |                                                                            
  |==================                                                    |  26%
  |                                                                            
  |===================                                                   |  27%
  |                                                                            
  |===================                                                   |  28%
  |                                                                            
  |====================                                                  |  28%
  |                                                                            
  |====================                                                  |  29%
  |                                                                            
  |=====================                                                 |  29%
  |                                                                            
  |=====================                                                 |  30%
  |                                                                            
  |======================                                                |  31%
  |                                                                            
  |======================                                                |  32%
  |                                                                            
  |=======================                                               |  32%
  |                                                                            
  |=======================                                               |  33%
  |                                                                            
  |========================                                              |  34%
  |                                                                            
  |========================                                              |  35%
  |                                                                            
  |=========================                                             |  35%
  |                                                                            
  |=========================                                             |  36%
  |                                                                            
  |==========================                                            |  37%
  |                                                                            
  |==========================                                            |  38%
  |                                                                            
  |===========================                                           |  38%
  |                                                                            
  |===========================                                           |  39%
  |                                                                            
  |============================                                          |  40%
  |                                                                            
  |=============================                                         |  41%
  |                                                                            
  |=============================                                         |  42%
  |                                                                            
  |==============================                                        |  42%
  |                                                                            
  |==============================                                        |  43%
  |                                                                            
  |===============================                                       |  44%
  |                                                                            
  |===============================                                       |  45%
  |                                                                            
  |================================                                      |  45%
  |                                                                            
  |================================                                      |  46%
  |                                                                            
  |=================================                                     |  47%
  |                                                                            
  |=================================                                     |  48%
  |                                                                            
  |==================================                                    |  48%
  |                                                                            
  |==================================                                    |  49%
  |                                                                            
  |===================================                                   |  50%
  |                                                                            
  |===================================                                   |  51%
  |                                                                            
  |====================================                                  |  51%
  |                                                                            
  |====================================                                  |  52%
  |                                                                            
  |=====================================                                 |  52%
  |                                                                            
  |=====================================                                 |  53%
  |                                                                            
  |======================================                                |  54%
  |                                                                            
  |======================================                                |  55%
  |                                                                            
  |=======================================                               |  55%
  |                                                                            
  |=======================================                               |  56%
  |                                                                            
  |========================================                              |  57%
  |                                                                            
  |=========================================                             |  58%
  |                                                                            
  |=========================================                             |  59%
  |                                                                            
  |==========================================                            |  59%
  |                                                                            
  |==========================================                            |  60%
  |                                                                            
  |==========================================                            |  61%
  |                                                                            
  |===========================================                           |  61%
  |                                                                            
  |===========================================                           |  62%
  |                                                                            
  |============================================                          |  62%
  |                                                                            
  |============================================                          |  63%
  |                                                                            
  |=============================================                         |  64%
  |                                                                            
  |=============================================                         |  65%
  |                                                                            
  |==============================================                        |  65%
  |                                                                            
  |==============================================                        |  66%
  |                                                                            
  |===============================================                       |  67%
  |                                                                            
  |===============================================                       |  68%
  |                                                                            
  |================================================                      |  68%
  |                                                                            
  |================================================                      |  69%
  |                                                                            
  |=================================================                     |  69%
  |                                                                            
  |=================================================                     |  70%
  |                                                                            
  |=================================================                     |  71%
  |                                                                            
  |==================================================                    |  71%
  |                                                                            
  |==================================================                    |  72%
  |                                                                            
  |===================================================                   |  72%
  |                                                                            
  |===================================================                   |  73%
  |                                                                            
  |====================================================                  |  74%
  |                                                                            
  |====================================================                  |  75%
  |                                                                            
  |=====================================================                 |  75%
  |                                                                            
  |=====================================================                 |  76%
  |                                                                            
  |======================================================                |  76%
  |                                                                            
  |======================================================                |  77%
  |                                                                            
  |======================================================                |  78%
  |                                                                            
  |=======================================================               |  78%
  |                                                                            
  |=======================================================               |  79%
  |                                                                            
  |========================================================              |  79%
  |                                                                            
  |========================================================              |  80%
  |                                                                            
  |========================================================              |  81%
  |                                                                            
  |=========================================================             |  81%
  |                                                                            
  |=========================================================             |  82%
  |                                                                            
  |==========================================================            |  82%
  |                                                                            
  |==========================================================            |  83%
  |                                                                            
  |===========================================================           |  84%
  |                                                                            
  |===========================================================           |  85%
  |                                                                            
  |============================================================          |  85%
  |                                                                            
  |============================================================          |  86%
  |                                                                            
  |=============================================================         |  87%
  |                                                                            
  |=============================================================         |  88%
  |                                                                            
  |==============================================================        |  88%
  |                                                                            
  |==============================================================        |  89%
  |                                                                            
  |===============================================================       |  90%
  |                                                                            
  |================================================================      |  91%
  |                                                                            
  |================================================================      |  92%
  |                                                                            
  |=================================================================     |  92%
  |                                                                            
  |=================================================================     |  93%
  |                                                                            
  |=================================================================     |  94%
  |                                                                            
  |==================================================================    |  94%
  |                                                                            
  |==================================================================    |  95%
  |                                                                            
  |===================================================================   |  95%
  |                                                                            
  |===================================================================   |  96%
  |                                                                            
  |====================================================================  |  97%
  |                                                                            
  |====================================================================  |  98%
  |                                                                            
  |===================================================================== |  98%
  |                                                                            
  |===================================================================== |  99%
  |                                                                            
  |======================================================================| 100%
saved raster with stid 24 and ctyid 017. Onto the next one!
Skipping install of 'FedData' from a github remote, the SHA1 (b66c1de9) has not changed since last install.
  Use `force = TRUE` to force installation
To install your API key for use in future sessions, run this function with `install = TRUE`.
[1] "24"  "019"
Getting data from the 2012-2016 5-year ACS
Downloading feature geometry from the Census website.  To cache shapefiles for use in future sessions, set `options(tigris_use_cache = TRUE)`.
Getting data from the 2010 decennial Census
Downloading feature geometry from the Census website.  To cache shapefiles for use in future sessions, set `options(tigris_use_cache = TRUE)`.

Downloading: 16 kB     
Downloading: 16 kB     
Downloading: 25 kB     
Downloading: 25 kB     
Downloading: 41 kB     
Downloading: 41 kB     
Downloading: 49 kB     
Downloading: 49 kB     
Downloading: 63 kB     
Downloading: 63 kB     
Downloading: 63 kB     
Downloading: 63 kB     
Downloading: 68 kB     
Downloading: 68 kB     
Downloading: 68 kB     
Downloading: 68 kB     
Downloading: 84 kB     
Downloading: 84 kB     
Downloading: 84 kB     
Downloading: 84 kB     
Downloading: 100 kB     
Downloading: 100 kB     
Downloading: 110 kB     
Downloading: 110 kB     
Downloading: 120 kB     
Downloading: 120 kB     
Downloading: 120 kB     
Downloading: 120 kB     
Downloading: 130 kB     
Downloading: 130 kB     
Downloading: 130 kB     
Downloading: 130 kB     
Downloading: 150 kB     
Downloading: 150 kB     
Downloading: 160 kB     
Downloading: 160 kB     
Downloading: 170 kB     
Downloading: 170 kB     
Downloading: 170 kB     
Downloading: 170 kB     
Downloading: 170 kB     
Downloading: 170 kB     
Downloading: 190 kB     
Downloading: 190 kB     
Downloading: 190 kB     
Downloading: 190 kB     
Downloading: 190 kB     
Downloading: 190 kB     
Downloading: 190 kB     
Downloading: 190 kB     
Downloading: 210 kB     
Downloading: 210 kB     
Downloading: 210 kB     
Downloading: 210 kB     
Downloading: 230 kB     
Downloading: 230 kB     
Downloading: 240 kB     
Downloading: 240 kB     
Downloading: 250 kB     
Downloading: 250 kB     
Downloading: 260 kB     
Downloading: 260 kB     
Downloading: 280 kB     
Downloading: 280 kB     
Downloading: 280 kB     
Downloading: 280 kB     
Downloading: 300 kB     
Downloading: 300 kB     
Downloading: 310 kB     
Downloading: 310 kB     
Downloading: 310 kB     
Downloading: 310 kB     
Downloading: 330 kB     
Downloading: 330 kB     
Downloading: 330 kB     
Downloading: 330 kB     
Downloading: 350 kB     
Downloading: 350 kB     
Downloading: 360 kB     
Downloading: 360 kB     
Downloading: 370 kB     
Downloading: 370 kB     
Downloading: 370 kB     
Downloading: 370 kB     
Downloading: 390 kB     
Downloading: 390 kB     
Downloading: 400 kB     
Downloading: 400 kB     
Downloading: 400 kB     
Downloading: 400 kB     
Downloading: 400 kB     
Downloading: 400 kB     
Downloading: 400 kB     
Downloading: 400 kB     
Downloading: 400 kB     
Downloading: 400 kB     
Downloading: 420 kB     
Downloading: 420 kB     
Downloading: 420 kB     
Downloading: 420 kB     
Downloading: 430 kB     
Downloading: 430 kB     
Downloading: 430 kB     
Downloading: 430 kB     
Downloading: 450 kB     
Downloading: 450 kB     
Downloading: 460 kB     
Downloading: 460 kB     
Downloading: 480 kB     
Downloading: 480 kB     
Downloading: 480 kB     
Downloading: 480 kB     
Downloading: 500 kB     
Downloading: 500 kB     
Downloading: 500 kB     
Downloading: 500 kB     
Downloading: 520 kB     
Downloading: 520 kB     
Downloading: 520 kB     
Downloading: 520 kB     
Downloading: 540 kB     
Downloading: 540 kB     
Downloading: 550 kB     
Downloading: 550 kB     
Downloading: 570 kB     
Downloading: 570 kB     
Downloading: 570 kB     
Downloading: 570 kB     
Downloading: 580 kB     
Downloading: 580 kB     
Downloading: 590 kB     
Downloading: 590 kB     
Downloading: 610 kB     
Downloading: 610 kB     
Downloading: 610 kB     
Downloading: 610 kB     
Downloading: 630 kB     
Downloading: 630 kB     
Downloading: 630 kB     
Downloading: 630 kB     
Downloading: 640 kB     
Downloading: 640 kB     
Downloading: 640 kB     
Downloading: 640 kB     
Downloading: 660 kB     
Downloading: 660 kB     
Downloading: 670 kB     
Downloading: 670 kB     
Downloading: 680 kB     
Downloading: 680 kB     
Downloading: 690 kB     
Downloading: 690 kB     
Downloading: 690 kB     
Downloading: 690 kB     
Downloading: 710 kB     
Downloading: 710 kB     
Downloading: 710 kB     
Downloading: 710 kB     
Downloading: 720 kB     
Downloading: 720 kB     
Downloading: 730 kB     
Downloading: 730 kB     
Downloading: 750 kB     
Downloading: 750 kB     
Downloading: 760 kB     
Downloading: 760 kB     
Downloading: 760 kB     
Downloading: 760 kB     
Downloading: 770 kB     
Downloading: 770 kB     
Downloading: 770 kB     
Downloading: 770 kB     
Downloading: 790 kB     
Downloading: 790 kB     
Downloading: 800 kB     
Downloading: 800 kB     
Downloading: 810 kB     
Downloading: 810 kB     
Downloading: 820 kB     
Downloading: 820 kB     
Downloading: 830 kB     
Downloading: 830 kB     
Downloading: 830 kB     
Downloading: 830 kB     
Downloading: 830 kB     
Downloading: 830 kB     
Downloading: 830 kB     
Downloading: 830 kB     
Downloading: 850 kB     
Downloading: 850 kB     
Downloading: 850 kB     
Downloading: 850 kB     
Downloading: 860 kB     
Downloading: 860 kB     
Downloading: 860 kB     
Downloading: 860 kB     
Downloading: 860 kB     
Downloading: 860 kB     
Downloading: 880 kB     
Downloading: 880 kB     
Downloading: 880 kB     
Downloading: 880 kB     
Downloading: 880 kB     
Downloading: 880 kB     
Downloading: 880 kB     
Downloading: 880 kB     
Downloading: 900 kB     
Downloading: 900 kB     
Downloading: 910 kB     
Downloading: 910 kB     
Downloading: 910 kB     
Downloading: 910 kB     
Downloading: 910 kB     
Downloading: 910 kB     
Downloading: 910 kB     
Downloading: 910 kB     
Downloading: 920 kB     
Downloading: 920 kB     
Downloading: 920 kB     
Downloading: 920 kB     
Downloading: 930 kB     
Downloading: 930 kB     
Downloading: 930 kB     
Downloading: 930 kB     
Downloading: 950 kB     
Downloading: 950 kB     
Downloading: 950 kB     
Downloading: 950 kB     
Downloading: 970 kB     
Downloading: 970 kB     
Downloading: 970 kB     
Downloading: 970 kB     
Downloading: 970 kB     
Downloading: 970 kB     
Downloading: 980 kB     
Downloading: 980 kB     
Downloading: 990 kB     
Downloading: 990 kB     
Downloading: 990 kB     
Downloading: 990 kB     
Downloading: 1,000 kB     
Downloading: 1,000 kB     
Downloading: 1,000 kB     
Downloading: 1,000 kB     
Downloading: 1 MB     
Downloading: 1 MB     
Downloading: 1 MB     
Downloading: 1 MB     
Downloading: 1 MB     
Downloading: 1 MB     
Downloading: 1 MB     
Downloading: 1 MB     
Downloading: 1 MB     
Downloading: 1 MB     
Downloading: 1 MB     
Downloading: 1 MB     
Downloading: 1 MB     
Downloading: 1 MB     
Downloading: 1 MB     
Downloading: 1 MB     
Downloading: 1.1 MB     
Downloading: 1.1 MB     
Downloading: 1.1 MB     
Downloading: 1.1 MB     
Downloading: 1.1 MB     
Downloading: 1.1 MB     
Downloading: 1.1 MB     
Downloading: 1.1 MB     
Downloading: 1.1 MB     
Downloading: 1.1 MB     
Downloading: 1.1 MB     
Downloading: 1.1 MB     
Downloading: 1.1 MB     
Downloading: 1.1 MB     
Downloading: 1.1 MB     
Downloading: 1.1 MB     
Downloading: 1.1 MB     
Downloading: 1.1 MB     
Downloading: 1.1 MB     
Downloading: 1.1 MB     
Downloading: 1.1 MB     
Downloading: 1.1 MB     
Downloading: 1.1 MB     
Downloading: 1.1 MB     
Downloading: 1.1 MB     
Downloading: 1.1 MB     
Downloading: 1.1 MB     
Downloading: 1.1 MB     
Downloading: 1.2 MB     
Downloading: 1.2 MB     
Downloading: 1.2 MB     
Downloading: 1.2 MB     
Downloading: 1.2 MB     
Downloading: 1.2 MB     
Downloading: 1.2 MB     
Downloading: 1.2 MB     
Downloading: 1.2 MB     
Downloading: 1.2 MB     
Downloading: 1.2 MB     
Downloading: 1.2 MB     
Downloading: 1.2 MB     
Downloading: 1.2 MB     
Downloading: 1.2 MB     
Downloading: 1.2 MB     
Downloading: 1.2 MB     
Downloading: 1.2 MB     
Downloading: 1.2 MB     
Downloading: 1.2 MB     
Downloading: 1.2 MB     
Downloading: 1.2 MB     
Downloading: 1.2 MB     
Downloading: 1.2 MB     
Downloading: 1.2 MB     
Downloading: 1.2 MB     
Downloading: 1.2 MB     
Downloading: 1.2 MB     
Downloading: 1.3 MB     
Downloading: 1.3 MB     
Downloading: 1.3 MB     
Downloading: 1.3 MB     
Downloading: 1.3 MB     
Downloading: 1.3 MB     
Downloading: 1.3 MB     
Downloading: 1.3 MB     
Downloading: 1.3 MB     
Downloading: 1.3 MB     
Downloading: 1.3 MB     
Downloading: 1.3 MB     
Downloading: 1.3 MB     
Downloading: 1.3 MB     
Downloading: 1.3 MB     
Downloading: 1.3 MB     
Downloading: 1.3 MB     
Downloading: 1.3 MB     
Downloading: 1.3 MB     
Downloading: 1.3 MB     
Downloading: 1.3 MB     
Downloading: 1.3 MB     
Downloading: 1.3 MB     
Downloading: 1.3 MB     
Downloading: 1.3 MB     
Downloading: 1.3 MB     
Downloading: 1.3 MB     
Downloading: 1.3 MB     
Downloading: 1.3 MB     
Downloading: 1.3 MB     
Downloading: 1.3 MB     
Downloading: 1.3 MB     
Downloading: 1.3 MB     
Downloading: 1.3 MB     
Downloading: 1.4 MB     
Downloading: 1.4 MB     
Downloading: 1.4 MB     
Downloading: 1.4 MB     
Downloading: 1.4 MB     
Downloading: 1.4 MB     
Downloading: 1.4 MB     
Downloading: 1.4 MB     
Downloading: 1.4 MB     
Downloading: 1.4 MB     
Downloading: 1.4 MB     
Downloading: 1.4 MB     
Downloading: 1.4 MB     
Downloading: 1.4 MB     
Downloading: 1.4 MB     
Downloading: 1.4 MB     
Downloading: 1.4 MB     
Downloading: 1.4 MB     
Downloading: 1.4 MB     
Downloading: 1.4 MB     
Downloading: 1.5 MB     
Downloading: 1.5 MB     
Downloading: 1.5 MB     
Downloading: 1.5 MB     
Downloading: 1.5 MB     
Downloading: 1.5 MB     
Downloading: 1.5 MB     
Downloading: 1.5 MB     
Downloading: 1.5 MB     
Downloading: 1.5 MB     
Downloading: 1.5 MB     
Downloading: 1.5 MB     
Downloading: 1.5 MB     
Downloading: 1.5 MB     
Downloading: 1.5 MB     
Downloading: 1.5 MB     
Downloading: 1.5 MB     
Downloading: 1.5 MB     
Downloading: 1.5 MB     
Downloading: 1.5 MB     
Downloading: 1.6 MB     
Downloading: 1.6 MB     
Downloading: 1.6 MB     
Downloading: 1.6 MB     
Downloading: 1.6 MB     
Downloading: 1.6 MB     
Downloading: 1.6 MB     
Downloading: 1.6 MB     
Downloading: 1.6 MB     
Downloading: 1.6 MB     
Downloading: 1.6 MB     
Downloading: 1.6 MB     
Downloading: 1.6 MB     
Downloading: 1.6 MB     
Downloading: 1.6 MB     
Downloading: 1.6 MB     
Downloading: 1.6 MB     
Downloading: 1.6 MB     
Downloading: 1.6 MB     
Downloading: 1.6 MB     
Downloading: 1.7 MB     
Downloading: 1.7 MB     
Downloading: 1.7 MB     
Downloading: 1.7 MB     
Downloading: 1.7 MB     
Downloading: 1.7 MB     
Downloading: 1.7 MB     
Downloading: 1.7 MB     
Downloading: 1.7 MB     
Downloading: 1.7 MB     
Downloading: 1.7 MB     
Downloading: 1.7 MB     
Downloading: 1.7 MB     
Downloading: 1.7 MB     
Downloading: 1.7 MB     
Downloading: 1.7 MB     
Downloading: 1.7 MB     
Downloading: 1.7 MB     
Downloading: 1.7 MB     
Downloading: 1.7 MB     
Downloading: 1.8 MB     
Downloading: 1.8 MB     
Downloading: 1.8 MB     
Downloading: 1.8 MB     
Downloading: 1.8 MB     
Downloading: 1.8 MB     
Downloading: 1.8 MB     
Downloading: 1.8 MB     
Downloading: 1.8 MB     
Downloading: 1.8 MB     
Downloading: 1.8 MB     
Downloading: 1.8 MB     
Downloading: 1.8 MB     
Downloading: 1.8 MB     
Downloading: 1.8 MB     
Downloading: 1.8 MB     
Downloading: 1.8 MB     
Downloading: 1.8 MB     
Downloading: 1.8 MB     
Downloading: 1.8 MB     
Downloading: 1.8 MB     
Downloading: 1.8 MB     
Downloading: 1.8 MB     
Downloading: 1.8 MB     
Downloading: 1.8 MB     
Downloading: 1.8 MB     
Downloading: 1.8 MB     
Downloading: 1.8 MB     
Downloading: 1.9 MB     
Downloading: 1.9 MB     
Downloading: 1.9 MB     
Downloading: 1.9 MB     
Downloading: 1.9 MB     
Downloading: 1.9 MB     
Downloading: 1.9 MB     
Downloading: 1.9 MB     
Downloading: 1.9 MB     
Downloading: 1.9 MB     
Downloading: 1.9 MB     
Downloading: 1.9 MB     
Downloading: 1.9 MB     
Downloading: 1.9 MB     
Downloading: 1.9 MB     
Downloading: 1.9 MB     
Downloading: 1.9 MB     
Downloading: 1.9 MB     
Downloading: 1.9 MB     
Downloading: 1.9 MB     
Downloading: 1.9 MB     
Downloading: 1.9 MB     
Downloading: 1.9 MB     
Downloading: 1.9 MB     
Downloading: 2 MB     
Downloading: 2 MB     
Downloading: 2 MB     
Downloading: 2 MB     
Downloading: 2 MB     
Downloading: 2 MB     
Downloading: 2 MB     
Downloading: 2 MB     
Downloading: 2 MB     
Downloading: 2 MB     
Downloading: 2 MB     
Downloading: 2 MB     
Downloading: 2 MB     
Downloading: 2 MB     
Downloading: 2 MB     
Downloading: 2 MB     
Downloading: 2 MB     
Downloading: 2 MB     
Downloading: 2 MB     
Downloading: 2 MB     
Downloading: 2.1 MB     
Downloading: 2.1 MB     
Downloading: 2.1 MB     
Downloading: 2.1 MB     
Downloading: 2.1 MB     
Downloading: 2.1 MB     
Downloading: 2.1 MB     
Downloading: 2.1 MB     
Downloading: 2.1 MB     
Downloading: 2.1 MB     
Downloading: 2.1 MB     
Downloading: 2.1 MB     
Downloading: 2.1 MB     
Downloading: 2.1 MB     
Downloading: 2.1 MB     
Downloading: 2.1 MB     
Downloading: 2.1 MB     
Downloading: 2.1 MB     
Downloading: 2.1 MB     
Downloading: 2.1 MB     
Downloading: 2.1 MB     
Downloading: 2.1 MB     
Downloading: 2.2 MB     
Downloading: 2.2 MB     
Downloading: 2.2 MB     
Downloading: 2.2 MB     
Downloading: 2.2 MB     
Downloading: 2.2 MB     
Downloading: 2.2 MB     
Downloading: 2.2 MB     
Downloading: 2.2 MB     
Downloading: 2.2 MB     
Downloading: 2.2 MB     
Downloading: 2.2 MB     
Downloading: 2.2 MB     
Downloading: 2.2 MB     
Downloading: 2.2 MB     
Downloading: 2.2 MB     
Downloading: 2.2 MB     
Downloading: 2.2 MB     
Downloading: 2.2 MB     
Downloading: 2.2 MB     
Downloading: 2.3 MB     
Downloading: 2.3 MB     
Downloading: 2.3 MB     
Downloading: 2.3 MB     
Downloading: 2.3 MB     
Downloading: 2.3 MB     
Downloading: 2.3 MB     
Downloading: 2.3 MB     
Downloading: 2.3 MB     
Downloading: 2.3 MB     
Downloading: 2.3 MB     
Downloading: 2.3 MB     
Downloading: 2.3 MB     
Downloading: 2.3 MB     
Downloading: 2.3 MB     
Downloading: 2.3 MB     
Downloading: 2.3 MB     
Downloading: 2.3 MB     
Downloading: 2.3 MB     
Downloading: 2.3 MB     
Downloading: 2.3 MB     
Downloading: 2.3 MB     
Downloading: 2.4 MB     
Downloading: 2.4 MB     
Downloading: 2.4 MB     
Downloading: 2.4 MB     
Downloading: 2.4 MB     
Downloading: 2.4 MB     
Downloading: 2.4 MB     
Downloading: 2.4 MB     
Downloading: 2.4 MB     
Downloading: 2.4 MB     
Downloading: 2.4 MB     
Downloading: 2.4 MB     
Downloading: 2.4 MB     
Downloading: 2.4 MB     
Downloading: 2.4 MB     
Downloading: 2.4 MB     
Downloading: 2.4 MB     
Downloading: 2.4 MB     
Downloading: 2.4 MB     
Downloading: 2.4 MB     
Downloading: 2.4 MB     
Downloading: 2.4 MB     
Downloading: 2.5 MB     
Downloading: 2.5 MB     
Downloading: 2.5 MB     
Downloading: 2.5 MB     
Downloading: 2.5 MB     
Downloading: 2.5 MB     
Downloading: 2.5 MB     
Downloading: 2.5 MB     
Downloading: 2.5 MB     
Downloading: 2.5 MB     
Downloading: 2.5 MB     
Downloading: 2.5 MB     
Downloading: 2.5 MB     
Downloading: 2.5 MB     
Downloading: 2.5 MB     
Downloading: 2.5 MB     
Downloading: 2.5 MB     
Downloading: 2.5 MB     
Downloading: 2.5 MB     
Downloading: 2.5 MB     
Downloading: 2.5 MB     
Downloading: 2.5 MB     
Downloading: 2.6 MB     
Downloading: 2.6 MB     
Downloading: 2.6 MB     
Downloading: 2.6 MB     
Downloading: 2.6 MB     
Downloading: 2.6 MB     
Downloading: 2.6 MB     
Downloading: 2.6 MB     
Downloading: 2.6 MB     
Downloading: 2.6 MB     
Downloading: 2.6 MB     
Downloading: 2.6 MB     
Downloading: 2.6 MB     
Downloading: 2.6 MB     
Downloading: 2.6 MB     
Downloading: 2.6 MB     
Downloading: 2.6 MB     
Downloading: 2.6 MB     
Downloading: 2.6 MB     
Downloading: 2.6 MB     
Downloading: 2.6 MB     
Downloading: 2.6 MB     
Downloading: 2.7 MB     
Downloading: 2.7 MB     
Downloading: 2.7 MB     
Downloading: 2.7 MB     
Downloading: 2.7 MB     
Downloading: 2.7 MB     
Downloading: 2.7 MB     
Downloading: 2.7 MB     
Downloading: 2.7 MB     
Downloading: 2.7 MB     
Downloading: 2.7 MB     
Downloading: 2.7 MB     
Downloading: 2.7 MB     
Downloading: 2.7 MB     
Downloading: 2.7 MB     
Downloading: 2.7 MB     
Downloading: 2.7 MB     
Downloading: 2.7 MB     
Downloading: 2.8 MB     
Downloading: 2.8 MB     
Downloading: 2.8 MB     
Downloading: 2.8 MB     
Downloading: 2.8 MB     
Downloading: 2.8 MB     
Downloading: 2.8 MB     
Downloading: 2.8 MB     
Downloading: 2.8 MB     
Downloading: 2.8 MB     
Downloading: 2.8 MB     
Downloading: 2.8 MB     
Downloading: 2.8 MB     
Downloading: 2.8 MB     
Downloading: 2.8 MB     
Downloading: 2.8 MB     
Downloading: 2.8 MB     
Downloading: 2.8 MB     
Downloading: 2.8 MB     
Downloading: 2.8 MB     
Downloading: 2.8 MB     
Downloading: 2.8 MB     
Downloading: 2.8 MB     
Downloading: 2.8 MB     
Downloading: 2.9 MB     
Downloading: 2.9 MB     
Downloading: 2.9 MB     
Downloading: 2.9 MB     
Downloading: 2.9 MB     
Downloading: 2.9 MB     
Downloading: 2.9 MB     
Downloading: 2.9 MB     
Downloading: 2.9 MB     
Downloading: 2.9 MB     
Downloading: 2.9 MB     
Downloading: 2.9 MB     
Downloading: 2.9 MB     
Downloading: 2.9 MB     
Downloading: 2.9 MB     
Downloading: 2.9 MB     
Downloading: 2.9 MB     
Downloading: 2.9 MB     
Downloading: 2.9 MB     
Downloading: 2.9 MB     
Downloading: 2.9 MB     
Downloading: 2.9 MB     
Downloading: 2.9 MB     
Downloading: 2.9 MB     
Downloading: 2.9 MB     
Downloading: 2.9 MB     
Downloading: 2.9 MB     
Downloading: 2.9 MB     
Downloading: 3 MB     
Downloading: 3 MB     
Downloading: 3 MB     
Downloading: 3 MB     
Downloading: 3 MB     
Downloading: 3 MB     
Downloading: 3 MB     
Downloading: 3 MB     
Downloading: 3 MB     
Downloading: 3 MB     
Downloading: 3 MB     
Downloading: 3 MB     
Downloading: 3 MB     
Downloading: 3 MB     
Downloading: 3 MB     
Downloading: 3 MB     
Downloading: 3 MB     
Downloading: 3 MB     
Downloading: 3 MB     
Downloading: 3 MB     
Downloading: 3 MB     
Downloading: 3 MB     
Downloading: 3 MB     
Downloading: 3 MB     
Downloading: 3 MB     
Downloading: 3 MB     
Downloading: 3 MB     
Downloading: 3 MB     
Downloading: 3 MB     
Downloading: 3 MB     
Downloading: 3.1 MB     
Downloading: 3.1 MB     
Downloading: 3.1 MB     
Downloading: 3.1 MB     
Downloading: 3.1 MB     
Downloading: 3.1 MB     
Downloading: 3.1 MB     
Downloading: 3.1 MB     
Downloading: 3.1 MB     
Downloading: 3.1 MB     
Downloading: 3.1 MB     
Downloading: 3.1 MB     
Downloading: 3.1 MB     
Downloading: 3.1 MB     
Downloading: 3.1 MB     
Downloading: 3.1 MB     
Downloading: 3.1 MB     
Downloading: 3.1 MB     
Downloading: 3.1 MB     
Downloading: 3.1 MB     
Downloading: 3.1 MB     
Downloading: 3.1 MB     
Downloading: 3.1 MB     
Downloading: 3.1 MB     
Downloading: 3.1 MB     
Downloading: 3.1 MB     
Downloading: 3.2 MB     
Downloading: 3.2 MB     
Downloading: 3.2 MB     
Downloading: 3.2 MB     
Downloading: 3.2 MB     
Downloading: 3.2 MB     
Downloading: 3.2 MB     
Downloading: 3.2 MB     
Downloading: 3.2 MB     
Downloading: 3.2 MB     
Downloading: 3.2 MB     
Downloading: 3.2 MB     
Downloading: 3.2 MB     
Downloading: 3.2 MB     
Downloading: 3.2 MB     
Downloading: 3.2 MB     
Downloading: 3.2 MB     
Downloading: 3.2 MB     
Downloading: 3.2 MB     
Downloading: 3.2 MB     
Downloading: 3.2 MB     
Downloading: 3.2 MB     
Downloading: 3.2 MB     
Downloading: 3.2 MB     
Downloading: 3.3 MB     
Downloading: 3.3 MB     
Downloading: 3.3 MB     
Downloading: 3.3 MB     
Downloading: 3.3 MB     
Downloading: 3.3 MB     
Downloading: 3.3 MB     
Downloading: 3.3 MB     
Downloading: 3.3 MB     
Downloading: 3.3 MB     
Downloading: 3.3 MB     
Downloading: 3.3 MB     
Downloading: 3.3 MB     
Downloading: 3.3 MB     
Downloading: 3.3 MB     
Downloading: 3.3 MB     
Downloading: 3.3 MB     
Downloading: 3.3 MB     
Downloading: 3.3 MB     
Downloading: 3.3 MB     
Downloading: 3.3 MB     
Downloading: 3.3 MB     
Downloading: 3.3 MB     
Downloading: 3.3 MB     
Downloading: 3.4 MB     
Downloading: 3.4 MB     
Downloading: 3.4 MB     
Downloading: 3.4 MB     
Downloading: 3.4 MB     
Downloading: 3.4 MB     
Downloading: 3.4 MB     
Downloading: 3.4 MB     
Downloading: 3.4 MB     
Downloading: 3.4 MB     
Downloading: 3.4 MB     
Downloading: 3.4 MB     
Downloading: 3.4 MB     
Downloading: 3.4 MB     
Downloading: 3.4 MB     
Downloading: 3.4 MB     
Downloading: 3.4 MB     
Downloading: 3.4 MB     
Downloading: 3.4 MB     
Downloading: 3.4 MB     
Downloading: 3.4 MB     
Downloading: 3.4 MB     
Downloading: 3.4 MB     
Downloading: 3.4 MB     
Downloading: 3.4 MB     
Downloading: 3.4 MB     
Downloading: 3.4 MB     
Downloading: 3.4 MB     
Downloading: 3.5 MB     
Downloading: 3.5 MB     
Downloading: 3.5 MB     
Downloading: 3.5 MB     
Downloading: 3.5 MB     
Downloading: 3.5 MB     
Downloading: 3.5 MB     
Downloading: 3.5 MB     
Downloading: 3.5 MB     
Downloading: 3.5 MB     
Downloading: 3.5 MB     
Downloading: 3.5 MB     
Downloading: 3.5 MB     
Downloading: 3.5 MB     
Downloading: 3.5 MB     
Downloading: 3.5 MB     
Downloading: 3.5 MB     
Downloading: 3.5 MB     
Downloading: 3.5 MB     
Downloading: 3.5 MB     
Downloading: 3.5 MB     
Downloading: 3.5 MB     
Downloading: 3.5 MB     
Downloading: 3.5 MB     
Downloading: 3.6 MB     
Downloading: 3.6 MB     
Downloading: 3.6 MB     
Downloading: 3.6 MB     
Downloading: 3.6 MB     
Downloading: 3.6 MB     
Downloading: 3.6 MB     
Downloading: 3.6 MB     
Downloading: 3.6 MB     
Downloading: 3.6 MB     
Downloading: 3.6 MB     
Downloading: 3.6 MB     
Downloading: 3.6 MB     
Downloading: 3.6 MB     
Downloading: 3.6 MB     
Downloading: 3.6 MB     
Downloading: 3.6 MB     
Downloading: 3.6 MB     
Downloading: 3.6 MB     
Downloading: 3.6 MB     
Downloading: 3.6 MB     
Downloading: 3.6 MB     
Downloading: 3.7 MB     
Downloading: 3.7 MB     
Downloading: 3.7 MB     
Downloading: 3.7 MB     
Downloading: 3.7 MB     
Downloading: 3.7 MB     
Downloading: 3.7 MB     
Downloading: 3.7 MB     
Downloading: 3.7 MB     
Downloading: 3.7 MB     
Downloading: 3.7 MB     
Downloading: 3.7 MB     
Downloading: 3.7 MB     
Downloading: 3.7 MB     
Downloading: 3.7 MB     
Downloading: 3.7 MB     
Downloading: 3.7 MB     
Downloading: 3.7 MB     
Downloading: 3.7 MB     
Downloading: 3.7 MB     
Downloading: 3.7 MB     
Downloading: 3.7 MB     
Downloading: 3.7 MB     
Downloading: 3.7 MB     
Downloading: 3.7 MB     
Downloading: 3.7 MB     
Downloading: 3.8 MB     
Downloading: 3.8 MB     
Downloading: 3.8 MB     
Downloading: 3.8 MB     
Downloading: 3.8 MB     
Downloading: 3.8 MB     
Downloading: 3.8 MB     
Downloading: 3.8 MB     
Downloading: 3.8 MB     
Downloading: 3.8 MB     
Downloading: 3.8 MB     
Downloading: 3.8 MB     
Downloading: 3.8 MB     
Downloading: 3.8 MB     
Downloading: 3.8 MB     
Downloading: 3.8 MB     
Downloading: 3.8 MB     
Downloading: 3.8 MB     
Downloading: 3.8 MB     
Downloading: 3.8 MB     
Downloading: 3.8 MB     
Downloading: 3.8 MB     
Downloading: 3.9 MB     
Downloading: 3.9 MB     
Downloading: 3.9 MB     
Downloading: 3.9 MB     
Downloading: 3.9 MB     
Downloading: 3.9 MB     
Downloading: 3.9 MB     
Downloading: 3.9 MB     
Downloading: 3.9 MB     
Downloading: 3.9 MB     
Downloading: 3.9 MB     
Downloading: 3.9 MB     
Downloading: 3.9 MB     
Downloading: 3.9 MB     
Downloading: 3.9 MB     
Downloading: 3.9 MB     
Downloading: 3.9 MB     
Downloading: 3.9 MB     
Downloading: 3.9 MB     
Downloading: 3.9 MB     
Downloading: 3.9 MB     
Downloading: 3.9 MB     
Downloading: 3.9 MB     
Downloading: 3.9 MB     
Downloading: 3.9 MB     
Downloading: 3.9 MB     
Downloading: 4 MB     
Downloading: 4 MB     
Downloading: 4 MB     
Downloading: 4 MB     
Downloading: 4 MB     
Downloading: 4 MB     
Downloading: 4 MB     
Downloading: 4 MB     
Downloading: 4 MB     
Downloading: 4 MB     
Downloading: 4 MB     
Downloading: 4 MB     
Downloading: 4 MB     
Downloading: 4 MB     
Downloading: 4 MB     
Downloading: 4 MB     
Downloading: 4 MB     
Downloading: 4 MB     
Downloading: 4 MB     
Downloading: 4 MB     
Downloading: 4.1 MB     
Downloading: 4.1 MB     
Downloading: 4.1 MB     
Downloading: 4.1 MB     
Downloading: 4.1 MB     
Downloading: 4.1 MB     
Downloading: 4.1 MB     
Downloading: 4.1 MB     
Downloading: 4.1 MB     
Downloading: 4.1 MB     
Downloading: 4.1 MB     
Downloading: 4.1 MB     
Downloading: 4.1 MB     
Downloading: 4.1 MB     
Downloading: 4.1 MB     
Downloading: 4.1 MB     
Downloading: 4.1 MB     
Downloading: 4.1 MB     
Downloading: 4.1 MB     
Downloading: 4.1 MB     
Downloading: 4.1 MB     
Downloading: 4.1 MB     
Downloading: 4.2 MB     
Downloading: 4.2 MB     
Downloading: 4.2 MB     
Downloading: 4.2 MB     
Downloading: 4.2 MB     
Downloading: 4.2 MB     
Downloading: 4.2 MB     
Downloading: 4.2 MB     
Downloading: 4.2 MB     
Downloading: 4.2 MB     
Downloading: 4.2 MB     
Downloading: 4.2 MB     
Downloading: 4.2 MB     
Downloading: 4.2 MB     
Downloading: 4.2 MB     
Downloading: 4.2 MB     
Downloading: 4.2 MB     
Downloading: 4.2 MB     
Downloading: 4.2 MB     
Downloading: 4.2 MB     
Downloading: 4.2 MB     
Downloading: 4.2 MB     
Downloading: 4.3 MB     
Downloading: 4.3 MB     
Downloading: 4.3 MB     
Downloading: 4.3 MB     
Downloading: 4.3 MB     
Downloading: 4.3 MB     
Downloading: 4.3 MB     
Downloading: 4.3 MB     
Downloading: 4.3 MB     
Downloading: 4.3 MB     
Downloading: 4.3 MB     
Downloading: 4.3 MB     
Downloading: 4.3 MB     
Downloading: 4.3 MB     
Downloading: 4.3 MB     
Downloading: 4.3 MB     
Downloading: 4.3 MB     
Downloading: 4.3 MB     
Downloading: 4.3 MB     
Downloading: 4.3 MB     
Downloading: 4.4 MB     
Downloading: 4.4 MB     
Downloading: 4.4 MB     
Downloading: 4.4 MB     
Downloading: 4.4 MB     
Downloading: 4.4 MB     
Downloading: 4.4 MB     
Downloading: 4.4 MB     
Downloading: 4.4 MB     
Downloading: 4.4 MB     
Downloading: 4.4 MB     
Downloading: 4.4 MB     
Downloading: 4.4 MB     
Downloading: 4.4 MB     
Downloading: 4.4 MB     
Downloading: 4.4 MB     
Downloading: 4.4 MB     
Downloading: 4.4 MB     
Downloading: 4.4 MB     
Downloading: 4.4 MB     Error in h(simpleError(msg, call)) : 
  error in evaluating the argument 'x' in selecting a method for function 'addAttrToGeom': empty geometries are not supported by sp classes: conversion failed
Calls: do.call ... asMethod -> <Anonymous> -> as_Spatial -> .as_Spatial
In addition: Warning messages:
1: In .local(x, y, ...) :
  Transforming SpatialPolygons to the CRS of the Raster
2: In .local(x, y, ...) :
  Transforming SpatialPolygons to the CRS of the Raster
Execution halted
